Analysis & Synthesis report for pi_II
Tue Sep  5 20:23:59 2017
Quartus Prime Version 16.1.0 Build 196 10/24/2016 SJ Lite Edition


---------------------
; Table of Contents ;
---------------------
  1. Legal Notice
  2. Analysis & Synthesis Summary
  3. Analysis & Synthesis Settings
  4. Parallel Compilation
  5. Analysis & Synthesis Source Files Read
  6. Analysis & Synthesis Resource Usage Summary
  7. Analysis & Synthesis Resource Utilization by Entity
  8. Registers Removed During Synthesis
  9. General Register Statistics
 10. Multiplexer Restructuring Statistics (Restructuring Performed)
 11. Parameter Settings for User Entity Instance: Top-level Entity: |pi_II
 12. Parameter Settings for User Entity Instance: setDisplaysText:displays
 13. Port Connectivity Checks: "freq_divider:uut"
 14. Post-Synthesis Netlist Statistics for Top Partition
 15. Elapsed Time Per Partition
 16. Analysis & Synthesis Messages



----------------
; Legal Notice ;
----------------
Copyright (C) 2016  Intel Corporation. All rights reserved.
Your use of Intel Corporation's design tools, logic functions 
and other software and tools, and its AMPP partner logic 
functions, and any output files from any of the foregoing 
(including device programming or simulation files), and any 
associated documentation or information are expressly subject 
to the terms and conditions of the Intel Program License 
Subscription Agreement, the Intel Quartus Prime License Agreement,
the Intel MegaCore Function License Agreement, or other 
applicable license agreement, including, without limitation, 
that your use is for the sole purpose of programming logic 
devices manufactured by Intel and sold by Intel or its 
authorized distributors.  Please refer to the applicable 
agreement for further details.



+----------------------------------------------------------------------------------+
; Analysis & Synthesis Summary                                                     ;
+------------------------------------+---------------------------------------------+
; Analysis & Synthesis Status        ; Successful - Tue Sep  5 20:23:59 2017       ;
; Quartus Prime Version              ; 16.1.0 Build 196 10/24/2016 SJ Lite Edition ;
; Revision Name                      ; pi_II                                       ;
; Top-level Entity Name              ; pi_II                                       ;
; Family                             ; Cyclone IV E                                ;
; Total logic elements               ; 384                                         ;
;     Total combinational functions  ; 384                                         ;
;     Dedicated logic registers      ; 119                                         ;
; Total registers                    ; 119                                         ;
; Total pins                         ; 79                                          ;
; Total virtual pins                 ; 0                                           ;
; Total memory bits                  ; 0                                           ;
; Embedded Multiplier 9-bit elements ; 0                                           ;
; Total PLLs                         ; 0                                           ;
+------------------------------------+---------------------------------------------+


+----------------------------------------------------------------------------------------------------------------------+
; Analysis & Synthesis Settings                                                                                        ;
+----------------------------------------------------------------------------+--------------------+--------------------+
; Option                                                                     ; Setting            ; Default Value      ;
+----------------------------------------------------------------------------+--------------------+--------------------+
; Device                                                                     ; EP4CE115F29C7      ;                    ;
; Top-level entity name                                                      ; pi_II              ; pi_II              ;
; Family name                                                                ; Cyclone IV E       ; Cyclone V          ;
; Use smart compilation                                                      ; Off                ; Off                ;
; Enable parallel Assembler and TimeQuest Timing Analyzer during compilation ; On                 ; On                 ;
; Enable compact report table                                                ; Off                ; Off                ;
; Restructure Multiplexers                                                   ; Auto               ; Auto               ;
; Create Debugging Nodes for IP Cores                                        ; Off                ; Off                ;
; Preserve fewer node names                                                  ; On                 ; On                 ;
; OpenCore Plus hardware evaluation                                          ; Enable             ; Enable             ;
; Verilog Version                                                            ; Verilog_2001       ; Verilog_2001       ;
; VHDL Version                                                               ; VHDL_1993          ; VHDL_1993          ;
; State Machine Processing                                                   ; Auto               ; Auto               ;
; Safe State Machine                                                         ; Off                ; Off                ;
; Extract Verilog State Machines                                             ; On                 ; On                 ;
; Extract VHDL State Machines                                                ; On                 ; On                 ;
; Ignore Verilog initial constructs                                          ; Off                ; Off                ;
; Iteration limit for constant Verilog loops                                 ; 5000               ; 5000               ;
; Iteration limit for non-constant Verilog loops                             ; 250                ; 250                ;
; Add Pass-Through Logic to Inferred RAMs                                    ; On                 ; On                 ;
; Infer RAMs from Raw Logic                                                  ; On                 ; On                 ;
; Parallel Synthesis                                                         ; On                 ; On                 ;
; DSP Block Balancing                                                        ; Auto               ; Auto               ;
; NOT Gate Push-Back                                                         ; On                 ; On                 ;
; Power-Up Don't Care                                                        ; On                 ; On                 ;
; Remove Redundant Logic Cells                                               ; Off                ; Off                ;
; Remove Duplicate Registers                                                 ; On                 ; On                 ;
; Ignore CARRY Buffers                                                       ; Off                ; Off                ;
; Ignore CASCADE Buffers                                                     ; Off                ; Off                ;
; Ignore GLOBAL Buffers                                                      ; Off                ; Off                ;
; Ignore ROW GLOBAL Buffers                                                  ; Off                ; Off                ;
; Ignore LCELL Buffers                                                       ; Off                ; Off                ;
; Ignore SOFT Buffers                                                        ; On                 ; On                 ;
; Limit AHDL Integers to 32 Bits                                             ; Off                ; Off                ;
; Optimization Technique                                                     ; Balanced           ; Balanced           ;
; Carry Chain Length                                                         ; 70                 ; 70                 ;
; Auto Carry Chains                                                          ; On                 ; On                 ;
; Auto Open-Drain Pins                                                       ; On                 ; On                 ;
; Perform WYSIWYG Primitive Resynthesis                                      ; Off                ; Off                ;
; Auto ROM Replacement                                                       ; On                 ; On                 ;
; Auto RAM Replacement                                                       ; On                 ; On                 ;
; Auto DSP Block Replacement                                                 ; On                 ; On                 ;
; Auto Shift Register Replacement                                            ; Auto               ; Auto               ;
; Allow Shift Register Merging across Hierarchies                            ; Auto               ; Auto               ;
; Auto Clock Enable Replacement                                              ; On                 ; On                 ;
; Strict RAM Replacement                                                     ; Off                ; Off                ;
; Allow Synchronous Control Signals                                          ; On                 ; On                 ;
; Force Use of Synchronous Clear Signals                                     ; Off                ; Off                ;
; Auto RAM Block Balancing                                                   ; On                 ; On                 ;
; Auto RAM to Logic Cell Conversion                                          ; Off                ; Off                ;
; Auto Resource Sharing                                                      ; Off                ; Off                ;
; Allow Any RAM Size For Recognition                                         ; Off                ; Off                ;
; Allow Any ROM Size For Recognition                                         ; Off                ; Off                ;
; Allow Any Shift Register Size For Recognition                              ; Off                ; Off                ;
; Use LogicLock Constraints during Resource Balancing                        ; On                 ; On                 ;
; Ignore translate_off and synthesis_off directives                          ; Off                ; Off                ;
; Timing-Driven Synthesis                                                    ; On                 ; On                 ;
; Report Parameter Settings                                                  ; On                 ; On                 ;
; Report Source Assignments                                                  ; On                 ; On                 ;
; Report Connectivity Checks                                                 ; On                 ; On                 ;
; Ignore Maximum Fan-Out Assignments                                         ; Off                ; Off                ;
; Synchronization Register Chain Length                                      ; 2                  ; 2                  ;
; PowerPlay Power Optimization During Synthesis                              ; Normal compilation ; Normal compilation ;
; HDL message level                                                          ; Level2             ; Level2             ;
; Suppress Register Optimization Related Messages                            ; Off                ; Off                ;
; Number of Removed Registers Reported in Synthesis Report                   ; 5000               ; 5000               ;
; Number of Swept Nodes Reported in Synthesis Report                         ; 5000               ; 5000               ;
; Number of Inverted Registers Reported in Synthesis Report                  ; 100                ; 100                ;
; Clock MUX Protection                                                       ; On                 ; On                 ;
; Auto Gated Clock Conversion                                                ; Off                ; Off                ;
; Block Design Naming                                                        ; Auto               ; Auto               ;
; SDC constraint protection                                                  ; Off                ; Off                ;
; Synthesis Effort                                                           ; Auto               ; Auto               ;
; Shift Register Replacement - Allow Asynchronous Clear Signal               ; On                 ; On                 ;
; Pre-Mapping Resynthesis Optimization                                       ; Off                ; Off                ;
; Analysis & Synthesis Message Level                                         ; Medium             ; Medium             ;
; Disable Register Merging Across Hierarchies                                ; Auto               ; Auto               ;
; Resource Aware Inference For Block RAM                                     ; On                 ; On                 ;
+----------------------------------------------------------------------------+--------------------+--------------------+


+------------------------------------------+
; Parallel Compilation                     ;
+----------------------------+-------------+
; Processors                 ; Number      ;
+----------------------------+-------------+
; Number detected on machine ; 4           ;
; Maximum allowed            ; 2           ;
;                            ;             ;
; Average used               ; 1.00        ;
; Maximum used               ; 2           ;
;                            ;             ;
; Usage by Processor         ; % Time Used ;
;     Processor 1            ; 100.0%      ;
;     Processor 2            ;   0.0%      ;
+----------------------------+-------------+


+----------------------------------------------------------------------------------------------------------------------------------+
; Analysis & Synthesis Source Files Read                                                                                           ;
+----------------------------------+-----------------+-----------------+-------------------------------------------------+---------+
; File Name with User-Entered Path ; Used in Netlist ; File Type       ; File Name with Absolute Path                    ; Library ;
+----------------------------------+-----------------+-----------------+-------------------------------------------------+---------+
; pi_II.vhd                        ; yes             ; User VHDL File  ; /home/rgnagel/pi_II/project/pi_II.vhd           ;         ;
; freq_divider.vhd                 ; yes             ; User VHDL File  ; /home/rgnagel/pi_II/project/freq_divider.vhd    ;         ;
; setDisplaysText.vhd              ; yes             ; User VHDL File  ; /home/rgnagel/pi_II/project/setDisplaysText.vhd ;         ;
+----------------------------------+-----------------+-----------------+-------------------------------------------------+---------+


+-------------------------------------------------------------------------+
; Analysis & Synthesis Resource Usage Summary                             ;
+---------------------------------------------+---------------------------+
; Resource                                    ; Usage                     ;
+---------------------------------------------+---------------------------+
; Estimated Total logic elements              ; 384                       ;
;                                             ;                           ;
; Total combinational functions               ; 384                       ;
; Logic element usage by number of LUT inputs ;                           ;
;     -- 4 input functions                    ; 264                       ;
;     -- 3 input functions                    ; 81                        ;
;     -- <=2 input functions                  ; 39                        ;
;                                             ;                           ;
; Logic elements by mode                      ;                           ;
;     -- normal mode                          ; 328                       ;
;     -- arithmetic mode                      ; 56                        ;
;                                             ;                           ;
; Total registers                             ; 119                       ;
;     -- Dedicated logic registers            ; 119                       ;
;     -- I/O registers                        ; 0                         ;
;                                             ;                           ;
; I/O pins                                    ; 79                        ;
;                                             ;                           ;
; Embedded Multiplier 9-bit elements          ; 0                         ;
;                                             ;                           ;
; Maximum fan-out node                        ; freq_divider:uut|temporal ;
; Maximum fan-out                             ; 93                        ;
; Total fan-out                               ; 1817                      ;
; Average fan-out                             ; 2.75                      ;
+---------------------------------------------+---------------------------+


+-----------------------------------------------------------------------------------------------------------------------------------------------------------------------------------------------------------------------------+
; Analysis & Synthesis Resource Utilization by Entity                                                                                                                                                                         ;
+-------------------------------+---------------------+---------------------------+-------------+--------------+---------+-----------+------+--------------+---------------------------------+-----------------+--------------+
; Compilation Hierarchy Node    ; Combinational ALUTs ; Dedicated Logic Registers ; Memory Bits ; DSP Elements ; DSP 9x9 ; DSP 18x18 ; Pins ; Virtual Pins ; Full Hierarchy Name             ; Entity Name     ; Library Name ;
+-------------------------------+---------------------+---------------------------+-------------+--------------+---------+-----------+------+--------------+---------------------------------+-----------------+--------------+
; |pi_II                        ; 384 (208)           ; 119 (92)                  ; 0           ; 0            ; 0       ; 0         ; 79   ; 0            ; |pi_II                          ; pi_II           ; work         ;
;    |freq_divider:uut|         ; 48 (48)             ; 27 (27)                   ; 0           ; 0            ; 0       ; 0         ; 0    ; 0            ; |pi_II|freq_divider:uut         ; freq_divider    ; work         ;
;    |setDisplaysText:displays| ; 128 (128)           ; 0 (0)                     ; 0           ; 0            ; 0       ; 0         ; 0    ; 0            ; |pi_II|setDisplaysText:displays ; setDisplaysText ; work         ;
+-------------------------------+---------------------+---------------------------+-------------+--------------+---------+-----------+------+--------------+---------------------------------+-----------------+--------------+
Note: For table entries with two numbers listed, the numbers in parentheses indicate the number of resources of the given type used by the specific entity alone. The numbers listed outside of parentheses indicate the total resources of the given type used by the specific entity and all of its sub-entities in the hierarchy.


+--------------------------------------------------------------------------------+
; Registers Removed During Synthesis                                             ;
+---------------------------------------+----------------------------------------+
; Register name                         ; Reason for Removal                     ;
+---------------------------------------+----------------------------------------+
; txt[2][7]                             ; Merged with txt[1][7]                  ;
; txt[3][7]                             ; Merged with txt[1][7]                  ;
; txt[4][7]                             ; Merged with txt[1][7]                  ;
; txt[5][7]                             ; Merged with txt[1][7]                  ;
; txt[6][7]                             ; Merged with txt[1][7]                  ;
; txt[7][7]                             ; Merged with txt[1][7]                  ;
; txt[8][7]                             ; Merged with txt[1][7]                  ;
; txt[1][7]                             ; Stuck at GND due to stuck port data_in ;
; Total Number of Removed Registers = 8 ;                                        ;
+---------------------------------------+----------------------------------------+


+------------------------------------------------------+
; General Register Statistics                          ;
+----------------------------------------------+-------+
; Statistic                                    ; Value ;
+----------------------------------------------+-------+
; Total registers                              ; 119   ;
; Number of registers using Synchronous Clear  ; 0     ;
; Number of registers using Synchronous Load   ; 15    ;
; Number of registers using Asynchronous Clear ; 0     ;
; Number of registers using Asynchronous Load  ; 0     ;
; Number of registers using Clock Enable       ; 39    ;
; Number of registers using Preset             ; 0     ;
+----------------------------------------------+-------+


+------------------------------------------------------------------------------------------------------------------------------------------+
; Multiplexer Restructuring Statistics (Restructuring Performed)                                                                           ;
+--------------------+-----------+---------------+----------------------+------------------------+------------+----------------------------+
; Multiplexer Inputs ; Bus Width ; Baseline Area ; Area if Restructured ; Saving if Restructured ; Registered ; Example Multiplexer Output ;
+--------------------+-----------+---------------+----------------------+------------------------+------------+----------------------------+
; 3:1                ; 16 bits   ; 32 LEs        ; 32 LEs               ; 0 LEs                  ; Yes        ; |pi_II|txt[8][0]           ;
; 4:1                ; 19 bits   ; 38 LEs        ; 38 LEs               ; 0 LEs                  ; Yes        ; |pi_II|txt[4][2]           ;
; 5:1                ; 20 bits   ; 60 LEs        ; 20 LEs               ; 40 LEs                 ; Yes        ; |pi_II|txt[2][3]           ;
; 3:1                ; 69 bits   ; 138 LEs       ; 69 LEs               ; 69 LEs                 ; No         ; |pi_II|first_cycle         ;
+--------------------+-----------+---------------+----------------------+------------------------+------------+----------------------------+


+-----------------------------------------------------------------------+
; Parameter Settings for User Entity Instance: Top-level Entity: |pi_II ;
+----------------+-------+----------------------------------------------+
; Parameter Name ; Value ; Type                                         ;
+----------------+-------+----------------------------------------------+
; word_len       ; 8     ; Signed Integer                               ;
+----------------+-------+----------------------------------------------+
Note: In order to hide this table in the UI and the text report file, please set the "Show Parameter Settings in Synthesis Report" option in "Analysis and Synthesis Settings -> More Settings" to "Off".


+-----------------------------------------------------------------------+
; Parameter Settings for User Entity Instance: setDisplaysText:displays ;
+----------------+-------+----------------------------------------------+
; Parameter Name ; Value ; Type                                         ;
+----------------+-------+----------------------------------------------+
; txt_len        ; 8     ; Signed Integer                               ;
+----------------+-------+----------------------------------------------+
Note: In order to hide this table in the UI and the text report file, please set the "Show Parameter Settings in Synthesis Report" option in "Analysis and Synthesis Settings -> More Settings" to "Off".


+----------------------------------------------+
; Port Connectivity Checks: "freq_divider:uut" ;
+-------+-------+----------+-------------------+
; Port  ; Type  ; Severity ; Details           ;
+-------+-------+----------+-------------------+
; reset ; Input ; Info     ; Stuck at GND      ;
+-------+-------+----------+-------------------+


+-----------------------------------------------------+
; Post-Synthesis Netlist Statistics for Top Partition ;
+-----------------------+-----------------------------+
; Type                  ; Count                       ;
+-----------------------+-----------------------------+
; boundary_port         ; 79                          ;
; cycloneiii_ff         ; 119                         ;
;     ENA               ; 39                          ;
;     SLD               ; 15                          ;
;     plain             ; 65                          ;
; cycloneiii_lcell_comb ; 385                         ;
;     arith             ; 56                          ;
;         2 data inputs ; 25                          ;
;         3 data inputs ; 31                          ;
;     normal            ; 329                         ;
;         0 data inputs ; 1                           ;
;         1 data inputs ; 3                           ;
;         2 data inputs ; 11                          ;
;         3 data inputs ; 50                          ;
;         4 data inputs ; 264                         ;
;                       ;                             ;
; Max LUT depth         ; 7.00                        ;
; Average LUT depth     ; 3.98                        ;
+-----------------------+-----------------------------+


+-------------------------------+
; Elapsed Time Per Partition    ;
+----------------+--------------+
; Partition Name ; Elapsed Time ;
+----------------+--------------+
; Top            ; 00:00:01     ;
+----------------+--------------+


+-------------------------------+
; Analysis & Synthesis Messages ;
+-------------------------------+
Info: *******************************************************************
Info: Running Quartus Prime Analysis & Synthesis
    Info: Version 16.1.0 Build 196 10/24/2016 SJ Lite Edition
    Info: Processing started: Tue Sep  5 20:23:46 2017
Info: Command: quartus_map --read_settings_files=on --write_settings_files=off pi_II -c pi_II
Warning (18236): Number of processors has not been specified which may cause overloading on shared machines.  Set the global assignment NUM_PARALLEL_PROCESSORS in your QSF to an appropriate value for best performance.
Info (20030): Parallel compilation is enabled and will use 2 of the 2 processors detected
Info (12021): Found 2 design units, including 1 entities, in source file pi_II.vhd
    Info (12022): Found design unit 1: pi_II-interface File: /home/rgnagel/pi_II/project/pi_II.vhd Line: 17
    Info (12023): Found entity 1: pi_II File: /home/rgnagel/pi_II/project/pi_II.vhd Line: 6
Info (12021): Found 2 design units, including 1 entities, in source file translate.vhd
    Info (12022): Found design unit 1: translate-letterTo7Bits File: /home/rgnagel/pi_II/project/translate.vhd Line: 6
    Info (12023): Found entity 1: translate File: /home/rgnagel/pi_II/project/translate.vhd Line: 1
Info (12021): Found 0 design units, including 0 entities, in source file shift_register_async.vhd
Info (12021): Found 2 design units, including 1 entities, in source file basic_shift_register_asynchronous_reset.vhd
    Info (12022): Found design unit 1: basic_shift_register_asynchronous_reset-rtl File: /home/rgnagel/pi_II/project/basic_shift_register_asynchronous_reset.vhd Line: 25
    Info (12023): Found entity 1: basic_shift_register_asynchronous_reset File: /home/rgnagel/pi_II/project/basic_shift_register_asynchronous_reset.vhd Line: 7
Info (12021): Found 0 design units, including 0 entities, in source file translate_letter.vhd
Info (12021): Found 2 design units, including 1 entities, in source file freq_divider.vhd
    Info (12022): Found design unit 1: freq_divider-Behavioral File: /home/rgnagel/pi_II/project/freq_divider.vhd Line: 13
    Info (12023): Found entity 1: freq_divider File: /home/rgnagel/pi_II/project/freq_divider.vhd Line: 5
Info (12021): Found 2 design units, including 1 entities, in source file setDisplaysText.vhd
    Info (12022): Found design unit 1: setDisplaysText-set File: /home/rgnagel/pi_II/project/setDisplaysText.vhd Line: 18
    Info (12023): Found entity 1: setDisplaysText File: /home/rgnagel/pi_II/project/setDisplaysText.vhd Line: 10
Info (12127): Elaborating entity "pi_II" for the top level hierarchy
Warning (10540): VHDL Signal Declaration warning at pi_II.vhd(37): used explicit default value for signal "reset" because signal was never assigned a value File: /home/rgnagel/pi_II/project/pi_II.vhd Line: 37
Warning (10812): VHDL warning at pi_II.vhd(63): sensitivity list already contains KEY File: /home/rgnagel/pi_II/project/pi_II.vhd Line: 63
Warning (10873): Using initial value X (don't care) for net "LEDR[16..0]" at pi_II.vhd(12) File: /home/rgnagel/pi_II/project/pi_II.vhd Line: 12
Info (12128): Elaborating entity "freq_divider" for hierarchy "freq_divider:uut" File: /home/rgnagel/pi_II/project/pi_II.vhd Line: 45
Info (12128): Elaborating entity "setDisplaysText" for hierarchy "setDisplaysText:displays" File: /home/rgnagel/pi_II/project/pi_II.vhd Line: 50
Warning (13024): Output pins are stuck at VCC or GND
    Warning (13410): Pin "LEDR[0]" is stuck at GND File: /home/rgnagel/pi_II/project/pi_II.vhd Line: 12
    Warning (13410): Pin "LEDR[1]" is stuck at GND File: /home/rgnagel/pi_II/project/pi_II.vhd Line: 12
    Warning (13410): Pin "LEDR[2]" is stuck at GND File: /home/rgnagel/pi_II/project/pi_II.vhd Line: 12
    Warning (13410): Pin "LEDR[3]" is stuck at GND File: /home/rgnagel/pi_II/project/pi_II.vhd Line: 12
    Warning (13410): Pin "LEDR[4]" is stuck at GND File: /home/rgnagel/pi_II/project/pi_II.vhd Line: 12
    Warning (13410): Pin "LEDR[5]" is stuck at GND File: /home/rgnagel/pi_II/project/pi_II.vhd Line: 12
    Warning (13410): Pin "LEDR[6]" is stuck at GND File: /home/rgnagel/pi_II/project/pi_II.vhd Line: 12
    Warning (13410): Pin "LEDR[7]" is stuck at GND File: /home/rgnagel/pi_II/project/pi_II.vhd Line: 12
    Warning (13410): Pin "LEDR[8]" is stuck at GND File: /home/rgnagel/pi_II/project/pi_II.vhd Line: 12
    Warning (13410): Pin "LEDR[9]" is stuck at GND File: /home/rgnagel/pi_II/project/pi_II.vhd Line: 12
    Warning (13410): Pin "LEDR[10]" is stuck at GND File: /home/rgnagel/pi_II/project/pi_II.vhd Line: 12
    Warning (13410): Pin "LEDR[11]" is stuck at GND File: /home/rgnagel/pi_II/project/pi_II.vhd Line: 12
    Warning (13410): Pin "LEDR[12]" is stuck at GND File: /home/rgnagel/pi_II/project/pi_II.vhd Line: 12
    Warning (13410): Pin "LEDR[13]" is stuck at GND File: /home/rgnagel/pi_II/project/pi_II.vhd Line: 12
    Warning (13410): Pin "LEDR[14]" is stuck at GND File: /home/rgnagel/pi_II/project/pi_II.vhd Line: 12
    Warning (13410): Pin "LEDR[15]" is stuck at GND File: /home/rgnagel/pi_II/project/pi_II.vhd Line: 12
    Warning (13410): Pin "LEDR[16]" is stuck at GND File: /home/rgnagel/pi_II/project/pi_II.vhd Line: 12
Info (286030): Timing-Driven Synthesis is running
Info (16010): Generating hard_block partition "hard_block:auto_generated_inst"
    Info (16011): Adding 0 node(s), including 0 DDIO, 0 PLL, 0 transceiver and 0 LCELL
Warning (21074): Design contains 2 input pin(s) that do not drive logic
    Warning (15610): No output dependent on input pin "KEY[2]" File: /home/rgnagel/pi_II/project/pi_II.vhd Line: 10
    Warning (15610): No output dependent on input pin "KEY[3]" File: /home/rgnagel/pi_II/project/pi_II.vhd Line: 10
Info (21057): Implemented 463 device resources after synthesis - the final resource count might be different
    Info (21058): Implemented 5 input pins
    Info (21059): Implemented 74 output pins
    Info (21061): Implemented 384 logic cells
Info: Quartus Prime Analysis & Synthesis was successful. 0 errors, 25 warnings
    Info: Peak virtual memory: 967 megabytes
    Info: Processing ended: Tue Sep  5 20:23:59 2017
    Info: Elapsed time: 00:00:13
    Info: Total CPU time (on all processors): 00:00:28


